<?xml version="1.0" encoding="UTF-8"?>
<!-- Generated by org.testng.reporters.JUnitReportReporter -->
<testsuite hostname="DESKTOP-RTPNA8E" failures="0" tests="1" name="StepDefination.json" time="19.055" errors="0" timestamp="02 May 2023 07:58:29 GMT" skipped="0">
  <testcase classname="StepDefination.json" name="myTest" time="19.055"/>
</testsuite> <!-- StepDefination.json -->
