<?xml version="1.0" encoding="UTF-8"?>
<!-- Generated by org.testng.reporters.JUnitReportReporter -->
<testsuite hostname="DESKTOP-RTPNA8E" failures="0" tests="1" name="lambdaDemo.LaunchBrowser" time="12.856" errors="0" timestamp="22 May 2023 12:12:10 GMT" skipped="0">
  <testcase classname="lambdaDemo.LaunchBrowser" name="myTest" time="12.856"/>
</testsuite> <!-- lambdaDemo.LaunchBrowser -->
