<?xml version="1.0" encoding="UTF-8"?>
<!-- Generated by org.testng.reporters.JUnitReportReporter -->
<testsuite hostname="DESKTOP-RTPNA8E" failures="0" tests="2" name="lambdaDemo.ExtentReportDemo" time="0.019" errors="0" timestamp="18 Apr 2023 08:25:08 GMT" skipped="0">
  <testcase classname="lambdaDemo.ExtentReportDemo" name="test1" time="0.018"/>
  <testcase classname="lambdaDemo.ExtentReportDemo" name="test2" time="0.001"/>
</testsuite> <!-- lambdaDemo.ExtentReportDemo -->
