<?xml version="1.0" encoding="UTF-8"?>
<!-- Generated by org.testng.reporters.JUnitReportReporter -->
<testsuite hostname="DESKTOP-RTPNA8E" failures="0" tests="1" name="lambdaDemo.Dem" time="34.527" errors="0" timestamp="18 Apr 2023 08:26:29 GMT" skipped="0">
  <testcase classname="lambdaDemo.Dem" name="myTest" time="34.527"/>
</testsuite> <!-- lambdaDemo.Dem -->
